<?xml version="1.0" encoding="UTF-8"?>
<testng-results ignored="0" total="2" passed="2" failed="0" skipped="0">
  <reporter-output>
    <line>
      <![CDATA[Application opened]]>
    </line>
    <line>
      <![CDATA[Application opened]]>
    </line>
  </reporter-output>
  <suite started-at="2023-08-02T11:44:18 IST" name="Suite" finished-at="2023-08-02T11:55:35 IST" duration-ms="676515">
    <groups>
    </groups>
    <test started-at="2023-08-02T11:44:18 IST" name="login" finished-at="2023-08-02T11:49:27 IST" duration-ms="308870">
      <class name="com.hrms.testscripts.TC001">
        <test-method signature="tc001()[pri:0, instance:com.hrms.testscripts.TC001@4c1909a3]" started-at="2023-08-02T11:44:18 IST" name="tc001" finished-at="2023-08-02T11:49:27 IST" duration-ms="308477" status="PASS">
          <reporter-output>
            <line>
              <![CDATA[Application opened]]>
            </line>
          </reporter-output>
        </test-method> <!-- tc001 -->
      </class> <!-- com.hrms.testscripts.TC001 -->
    </test> <!-- login -->
    <test started-at="2023-08-02T11:49:28 IST" name="addnew emp" finished-at="2023-08-02T11:55:35 IST" duration-ms="366265">
      <class name="com.hrms.testscripts.TC002">
        <test-method signature="tc002()[pri:0, instance:com.hrms.testscripts.TC002@7d0b7e3c]" started-at="2023-08-02T11:49:28 IST" name="tc002" finished-at="2023-08-02T11:55:35 IST" duration-ms="366257" status="PASS">
          <reporter-output>
            <line>
              <![CDATA[Application opened]]>
            </line>
          </reporter-output>
        </test-method> <!-- tc002 -->
      </class> <!-- com.hrms.testscripts.TC002 -->
    </test> <!-- addnew emp -->
  </suite> <!-- Suite -->
</testng-results>
